ninja: Entering directory `/home/yurix/Documentos/my-gimp/_build-local'
[1/1947] Linking target libgimpwidgets/libgimpwidgets-3.0.so.0.200.0
[2/1947] Generating libgimp/Gimp-3.0.gir with a custom command (wrapped by meson to set env)
FAILED: libgimp/Gimp-3.0.gir 
env PKG_CONFIG_PATH=/home/yurix/Documentos/my-gimp/_deps/_install/lib/pkgconfig:/home/yurix/Documentos/my-gimp/_deps/_install/lib/x86_64-linux-gnu/pkgconfig:/home/yurix/Documentos/my-gimp/_deps/_install/share/pkgconfig:/home/yurix/Documentos/my-gimp/_build-local/meson-uninstalled PKG_CONFIG=/usr/bin/pkg-config CC=cc /usr/bin/x86_64-linux-gnu-g-ir-scanner --quiet --no-libtool --namespace=Gimp --nsversion=3.0 --warn-all --output libgimp/Gimp-3.0.gir --c-include=libgimp/gimp.h -DGIMP_COMPILATION -DGIMP_BASE_COMPILATION -DGIMP_COLOR_COMPILATION -DGIMP_CONFIG_COMPILATION -DGIMP_MATH_COMPILATION -DGIMP_MODULE_COMPILATION -DGIMP_THUMB_COMPILATION -DGIMP_WIDGETS_COMPILATION --quiet -I/home/yurix/Documentos/my-gimp/libgimp -I/home/yurix/Documentos/my-gimp/_build-local/libgimp -I/home/yurix/Documentos/my-gimp/. -I/home/yurix/Documentos/my-gimp/_build-local/. --filelist=/home/yurix/Documentos/my-gimp/_build-local/libgimp/libgimp-3.0.so.0.200.0.p/Gimp_3.0_gir_filelist --include=Babl-0.1 --include=cairo-1.0 --include=GdkPixbuf-2.0 --include=Gegl-0.4 --include=GExiv2-0.10 --include=Gio-2.0 --include=GLib-2.0 --include=GObject-2.0 --include=Pango-1.0 --symbol-prefix=gimp --identifier-prefix=Gimp --pkg-export=gimp-3.0 --cflags-begin -DGDK_PIXBUF_VERSION_MIN_REQUIRED=GDK_PIXBUF_VERSION_2_30 -DGDK_PIXBUF_VERSION_MAX_ALLOWED=GDK_PIXBUF_VERSION_2_30 -DGLIB_VERSION_MIN_REQUIRED=GLIB_VERSION_2_70 -DGLIB_VERSION_MAX_ALLOWED=GLIB_VERSION_2_76 -DGDK_VERSION_MIN_REQUIRED=GDK_VERSION_3_24 -DGDK_VERSION_MAX_ALLOWED=GDK_VERSION_3_24 -DHAVE_CONFIG_H -DGDK_PIXBUF_VERSION_MIN_REQUIRED=GDK_PIXBUF_VERSION_2_30 -DGDK_PIXBUF_VERSION_MAX_ALLOWED=GDK_PIXBUF_VERSION_2_30 -DGLIB_VERSION_MIN_REQUIRED=GLIB_VERSION_2_70 -DGLIB_VERSION_MAX_ALLOWED=GLIB_VERSION_2_76 -DGDK_VERSION_MIN_REQUIRED=GDK_VERSION_3_24 -DGDK_VERSION_MAX_ALLOWED=GDK_VERSION_3_24 -DHAVE_CONFIG_H -DGDK_PIXBUF_VERSION_MIN_REQUIRED=GDK_PIXBUF_VERSION_2_30 -DGDK_PIXBUF_VERSION_MAX_ALLOWED=GDK_PIXBUF_VERSION_2_30 -DGLIB_VERSION_MIN_REQUIRED=GLIB_VERSION_2_70 -DGLIB_VERSION_MAX_ALLOWED=GLIB_VERSION_2_76 -DGDK_VERSION_MIN_REQUIRED=GDK_VERSION_3_24 -DGDK_VERSION_MAX_ALLOWED=GDK_VERSION_3_24 -DHAVE_CONFIG_H -DGDK_PIXBUF_VERSION_MIN_REQUIRED=GDK_PIXBUF_VERSION_2_30 -DGDK_PIXBUF_VERSION_MAX_ALLOWED=GDK_PIXBUF_VERSION_2_30 -DGLIB_VERSION_MIN_REQUIRED=GLIB_VERSION_2_70 -DGLIB_VERSION_MAX_ALLOWED=GLIB_VERSION_2_76 -DGDK_VERSION_MIN_REQUIRED=GDK_VERSION_3_24 -DGDK_VERSION_MAX_ALLOWED=GDK_VERSION_3_24 -DHAVE_CONFIG_H -DGDK_PIXBUF_VERSION_MIN_REQUIRED=GDK_PIXBUF_VERSION_2_30 -DGDK_PIXBUF_VERSION_MAX_ALLOWED=GDK_PIXBUF_VERSION_2_30 -DGLIB_VERSION_MIN_REQUIRED=GLIB_VERSION_2_70 -DGLIB_VERSION_MAX_ALLOWED=GLIB_VERSION_2_76 -DGDK_VERSION_MIN_REQUIRED=GDK_VERSION_3_24 -DGDK_VERSION_MAX_ALLOWED=GDK_VERSION_3_24 -DHAVE_CONFIG_H -DGDK_PIXBUF_VERSION_MIN_REQUIRED=GDK_PIXBUF_VERSION_2_30 -DGDK_PIXBUF_VERSION_MAX_ALLOWED=GDK_PIXBUF_VERSION_2_30 -DGLIB_VERSION_MIN_REQUIRED=GLIB_VERSION_2_70 -DGLIB_VERSION_MAX_ALLOWED=GLIB_VERSION_2_76 -DGDK_VERSION_MIN_REQUIRED=GDK_VERSION_3_24 -DGDK_VERSION_MAX_ALLOWED=GDK_VERSION_3_24 -DHAVE_CONFIG_H -I/home/yurix/Documentos/my-gimp/. -I/home/yurix/Documentos/my-gimp/_build-local/. -I/usr/include/cairo -I/usr/include/libpng16 -I/usr/include/freetype2 -I/usr/include/pixman-1 -I/usr/include/gdk-pixbuf-2.0 -I/usr/include/glib-2.0 -I/usr/lib/x86_64-linux-gnu/glib-2.0/include -I/usr/include/x86_64-linux-gnu -I/usr/include/webp -I/usr/include/libmount -I/usr/include/blkid -I/home/yurix/Documentos/my-gimp/_deps/_install/lib/x86_64-linux-gnu/pkgconfig/../../../include/gegl-0.4 -I/usr/include/gio-unix-2.0 -I/usr/include/json-glib-1.0 -I/home/yurix/Documentos/my-gimp/_deps/_install/lib/x86_64-linux-gnu/pkgconfig/../../../include/babl-0.1 -I/home/yurix/Documentos/my-gimp/_deps/_install/lib/x86_64-linux-gnu/pkgconfig/../../../include/gexiv2-0.16 -I/home/yurix/Documentos/my-gimp/_deps/_install/include -I/usr/include/pango-1.0 -I/usr/include/harfbuzz -I/usr/include/fribidi -I/usr/include/gobject-introspection-1.0 --cflags-end -I/home/yurix/Documentos/my-gimp/. -I/home/yurix/Documentos/my-gimp/_build-local/. --add-include-path=/usr/share/gir-1.0 --add-include-path=/home/yurix/Documentos/my-gimp/. --add-include-path=/home/yurix/Documentos/my-gimp/_build-local/. -L/home/yurix/Documentos/my-gimp/_build-local/libgimp --library gimp-3.0 -L/home/yurix/Documentos/my-gimp/_build-local/libgimpbase -L/home/yurix/Documentos/my-gimp/_build-local/libgimpcolor -L/home/yurix/Documentos/my-gimp/_build-local/libgimpconfig -L/home/yurix/Documentos/my-gimp/_build-local/libgimpmath -L/home/yurix/Documentos/my-gimp/_build-local/libgimpmodule -L/home/yurix/Documentos/my-gimp/_build-local/../_deps/_install/lib/x86_64-linux-gnu/pkgconfig/../../../lib/x86_64-linux-gnu -L/home/yurix/Documentos/my-gimp/_build-local/libgimpbase --library gimpbase-3.0 -L/home/yurix/Documentos/my-gimp/_build-local/../_deps/_install/lib/x86_64-linux-gnu/pkgconfig/../../../lib/x86_64-linux-gnu -L/home/yurix/Documentos/my-gimp/_build-local/libgimpcolor --library gimpcolor-3.0 -L/home/yurix/Documentos/my-gimp/_build-local/libgimpbase -L/home/yurix/Documentos/my-gimp/_build-local/../_deps/_install/lib/x86_64-linux-gnu/pkgconfig/../../../lib/x86_64-linux-gnu -L/home/yurix/Documentos/my-gimp/_build-local/libgimpconfig --library gimpconfig-3.0 -L/home/yurix/Documentos/my-gimp/_build-local/libgimpbase -L/home/yurix/Documentos/my-gimp/_build-local/libgimpcolor -L/home/yurix/Documentos/my-gimp/_build-local/libgimpmath -L/home/yurix/Documentos/my-gimp/_build-local/../_deps/_install/lib/x86_64-linux-gnu/pkgconfig/../../../lib/x86_64-linux-gnu -L/home/yurix/Documentos/my-gimp/_build-local/libgimpmath --library gimpmath-3.0 -L/home/yurix/Documentos/my-gimp/_build-local/libgimpbase -L/home/yurix/Documentos/my-gimp/_build-local/../_deps/_install/lib/x86_64-linux-gnu/pkgconfig/../../../lib/x86_64-linux-gnu -L/home/yurix/Documentos/my-gimp/_build-local/libgimpmodule --library gimpmodule-3.0 -L/home/yurix/Documentos/my-gimp/_build-local/libgimpbase -L/home/yurix/Documentos/my-gimp/_build-local/libgimpconfig -L/home/yurix/Documentos/my-gimp/_build-local/libgimpcolor -L/home/yurix/Documentos/my-gimp/_build-local/libgimpmath -L/home/yurix/Documentos/my-gimp/_build-local/../_deps/_install/lib/x86_64-linux-gnu/pkgconfig/../../../lib/x86_64-linux-gnu --extra-library=cairo --extra-library=gdk_pixbuf-2.0 --extra-library=gobject-2.0 --extra-library=glib-2.0 -L/home/yurix/Documentos/my-gimp/_deps/_install/lib/x86_64-linux-gnu/pkgconfig/../../../lib/x86_64-linux-gnu --extra-library=gegl-0.4 --extra-library=gegl-npd-0.4 --extra-library=gmodule-2.0 --extra-library=json-glib-1.0 --extra-library=gio-2.0 --extra-library=babl-0.1 --extra-library=gexiv2-0.16 --extra-library=m --extra-library=pango-1.0 --extra-library=harfbuzz --extra-library=pangoft2-1.0 --extra-library=fontconfig --extra-library=freetype --extra-library=lcms2 --extra-library=girepository-1.0 --sources-top-dirs /home/yurix/Documentos/my-gimp/ --sources-top-dirs /home/yurix/Documentos/my-gimp/_build-local/
Couldn't find include 'Babl-0.1.gir' (search path: '['/usr/share/gir-1.0', '/home/yurix/Documentos/my-gimp/.', '/home/yurix/Documentos/my-gimp/_build-local/.', '/usr/lib/x86_64-linux-gnu/gir-1.0', '/home/yurix/.local/share/gir-1.0', '/usr/share/cinnamon/gir-1.0', '/home/yurix/.local/share/flatpak/exports/share/gir-1.0', '/var/lib/flatpak/exports/share/gir-1.0', '/usr/local/share/gir-1.0', '/usr/share/gir-1.0', '/usr/lib/x86_64-linux-gnu/gir-1.0', '/usr/share/gir-1.0', '/usr/share/gir-1.0']')
[3/1947] Compiling C object libgimpwidgets/test-path-editor.p/test-path-editor.c.o
FAILED: libgimpwidgets/test-path-editor.p/test-path-editor.c.o 
cc -Ilibgimpwidgets/test-path-editor.p -Ilibgimpwidgets -I../libgimpwidgets -I. -I.. -I/usr/include/gtk-3.0 -I/usr/include/pango-1.0 -I/usr/include/glib-2.0 -I/usr/lib/x86_64-linux-gnu/glib-2.0/include -I/usr/include/harfbuzz -I/usr/include/freetype2 -I/usr/include/libpng16 -I/usr/include/libmount -I/usr/include/blkid -I/usr/include/fribidi -I/usr/include/cairo -I/usr/include/pixman-1 -I/usr/include/gdk-pixbuf-2.0 -I/usr/include/x86_64-linux-gnu -I/usr/include/webp -I/usr/include/gio-unix-2.0 -I/usr/include/atk-1.0 -I/usr/include/at-spi2-atk/2.0 -I/usr/include/at-spi-2.0 -I/usr/include/dbus-1.0 -I/usr/lib/x86_64-linux-gnu/dbus-1.0/include -fdiagnostics-color=always -D_FILE_OFFSET_BITS=64 -Wall -Winvalid-pch -O2 -g -Wabsolute-value -Wdeclaration-after-statement -Wenum-conversion -Wno-strict-prototypes -Wold-style-definition -Wunused-function -Wunused-value -Werror=implicit-function-declaration -DGDK_PIXBUF_VERSION_MIN_REQUIRED=GDK_PIXBUF_VERSION_2_30 -DGDK_PIXBUF_VERSION_MAX_ALLOWED=GDK_PIXBUF_VERSION_2_30 -DGLIB_VERSION_MIN_REQUIRED=GLIB_VERSION_2_70 -DGLIB_VERSION_MAX_ALLOWED=GLIB_VERSION_2_76 -DGDK_VERSION_MIN_REQUIRED=GDK_VERSION_3_24 -DGDK_VERSION_MAX_ALLOWED=GDK_VERSION_3_24 -fdiagnostics-show-option -fno-common -Wformat -Wformat-security -Winit-self -Wlogical-op -Wmissing-declarations -Wmissing-format-attribute -Wpointer-arith -Wreturn-type -Wtype-limits -DHAVE_CONFIG_H -pthread '-DG_LOG_DOMAIN="LibGimpWidgets"' -MD -MQ libgimpwidgets/test-path-editor.p/test-path-editor.c.o -MF libgimpwidgets/test-path-editor.p/test-path-editor.c.o.d -o libgimpwidgets/test-path-editor.p/test-path-editor.c.o -c ../libgimpwidgets/test-path-editor.c
In file included from ../libgimpwidgets/test-path-editor.c:29:
../libgimpwidgets/gimpwidgets.h:27:10: fatal error: gegl.h: No such file or directory
   27 | #include <gegl.h>
      |          ^~~~~~~~
compilation terminated.
[4/1947] Generating symbol file libgimpwidgets/libgimpwidgets-3.0.so.0.200.0.p/libgimpwidgets-3.0.so.0.200.0.symbols
[5/1945] Generating git-version.h.in.1 with a custom command
[6/1945] Compiling C object modules/libcolor-selector-wheel.so.p/color-selector-wheel.c.o
[7/1945] Compiling C object modules/libdisplay-filter-aces-rrt.so.p/display-filter-aces-rrt.c.o
[8/1945] Compiling C object libgimp/libgimpui-3.0.so.0.200.0.p/gimpfontchooser.c.o
[9/1945] Compiling C object libgimp/libgimpui-3.0.so.0.200.0.p/gimppalettechooser.c.o
[10/1945] Compiling C object extensions/goat-exercises/goat-exercise-c.p/goat-exercise-c.c.o
[11/1945] Compiling C object modules/libcontroller-linux-input.so.p/controller-linux-input.c.o
[12/1945] Compiling C object modules/libdisplay-filter-high-contrast.so.p/display-filter-high-contrast.c.o
[13/1945] Compiling C object modules/libdisplay-filter-gamma.so.p/display-filter-gamma.c.o
[14/1945] Compiling C object libgimp/libgimpui-3.0.so.0.200.0.p/gimpprocview.c.o
[15/1945] Compiling C object libgimp/libgimpui-3.0.so.0.200.0.p/gimpprogressbar.c.o
[16/1945] Compiling C object modules/libcolor-selector-cmyk.so.p/color-selector-cmyk.c.o
[17/1945] Compiling C object libgimp/libgimpui-3.0.so.0.200.0.p/gimpvectorloadproceduredialog.c.o
[18/1945] Compiling C object libgimp/libgimpui-3.0.so.0.200.0.p/gimpitemcombobox.c.o
[19/1945] Compiling C object libgimp/libgimpui-3.0.so.0.200.0.p/gimpui.c.o
[20/1945] Compiling C object libgimp/libgimpui-3.0.so.0.200.0.p/gimpgradientchooser.c.o
[21/1945] Compiling C object libgimp/libgimpui-3.0.so.0.200.0.p/gimpbrushchooser.c.o
[22/1945] Compiling C object modules/libcontroller-midi.so.p/controller-midi.c.o
[23/1945] Compiling C object modules/libdisplay-filter-clip-warning.so.p/display-filter-clip-warning.c.o
[24/1945] Compiling C object libgimp/libgimpui-3.0.so.0.200.0.p/gimpitemchooser.c.o
[25/1945] Compiling C object modules/libcolor-selector-water.so.p/color-selector-water.c.o
[26/1945] Compiling C object libgimp/libgimpui-3.0.so.0.200.0.p/gimppatternchooser.c.o
[27/1945] Compiling C object libgimp/libgimpui-3.0.so.0.200.0.p/gimpimagecombobox.c.o
[28/1945] Compiling C object libgimp/libgimpui-3.0.so.0.200.0.p/gimpprocbrowserdialog.c.o
[29/1945] Compiling C object libgimp/libgimpui-3.0.so.0.200.0.p/gimpdrawablechooser.c.o
[30/1945] Compiling C object libgimp/libgimpui-3.0.so.0.200.0.p/gimpexportproceduredialog.c.o
[31/1945] Compiling C object libgimp/libgimpui-3.0.so.0.200.0.p/gimpimagechooser.c.o
[32/1945] Compiling C object libgimp/libgimpui-3.0.so.0.200.0.p/gimpresolutionentry-private.c.o
[33/1945] Compiling C object libgimp/libgimpui-3.0.so.0.200.0.p/gimppropwidgets.c.o
[34/1945] Compiling C object libgimp/libgimpui-3.0.so.0.200.0.p/gimpresourcechooser.c.o
[35/1945] Compiling C object plug-ins/common/border-average.p/border-average.c.o
[36/1945] Compiling C object libgimp/libgimpui-3.0.so.0.200.0.p/gimpdrawablepreview.c.o
[37/1945] Compiling C object libgimp/libgimpui-3.0.so.0.200.0.p/gimpzoompreview.c.o
[38/1945] Compiling C object plug-ins/common/align-layers.p/align-layers.c.o
[39/1945] Compiling C object plug-ins/common/blinds.p/blinds.c.o
[40/1945] Compiling C object modules/libdisplay-filter-color-blind.so.p/display-filter-color-blind.c.o
[41/1945] Compiling C object modules/libcolor-selector-wheel.so.p/gimpcolorwheel.c.o
[42/1945] Compiling C object plug-ins/common/animation-play.p/animation-play.c.o
[43/1945] Compiling C object libgimp/libgimpui-3.0.so.0.200.0.p/gimpproceduredialog.c.o
ninja: build stopped: subcommand failed.
INFO: autodetecting backend as ninja
INFO: calculating backend command to run: /usr/bin/ninja -C /home/yurix/Documentos/my-gimp/_build-local
Command exited with non-zero status 1
TIME_ELAPSED=1.97
MAX_RSS_KB=127788
CPU_PCT=1994%
